{"C:\\Users\\JJun\\WebstormProjects\\refactoring\\src\\code\\refactoring1.1\\outOfSwitch.js": {"path":"C:\\Users\\JJun\\WebstormProjects\\refactoring\\src\\code\\refactoring1.1\\outOfSwitch.js","statementMap":{"0":{"start":{"line":4,"column":22},"end":{"line":4,"column":23}},"1":{"start":{"line":5,"column":24},"end":{"line":5,"column":25}},"2":{"start":{"line":6,"column":17},"end":{"line":6,"column":53}},"3":{"start":{"line":8,"column":19},"end":{"line":9,"column":79}},"4":{"start":{"line":11,"column":4},"end":{"line":23,"column":5}},"5":{"start":{"line":12,"column":21},"end":{"line":12,"column":39}},"6":{"start":{"line":14,"column":27},"end":{"line":14,"column":48}},"7":{"start":{"line":16,"column":8},"end":{"line":16,"column":57}},"8":{"start":{"line":18,"column":8},"end":{"line":19,"column":59}},"9":{"start":{"line":19,"column":12},"end":{"line":19,"column":59}},"10":{"start":{"line":21,"column":8},"end":{"line":21,"column":83}},"11":{"start":{"line":22,"column":8},"end":{"line":22,"column":34}},"12":{"start":{"line":25,"column":4},"end":{"line":25,"column":49}},"13":{"start":{"line":26,"column":4},"end":{"line":26,"column":44}},"14":{"start":{"line":27,"column":4},"end":{"line":27,"column":18}},"15":{"start":{"line":34,"column":21},"end":{"line":34,"column":22}},"16":{"start":{"line":36,"column":4},"end":{"line":54,"column":5}},"17":{"start":{"line":38,"column":12},"end":{"line":38,"column":31}},"18":{"start":{"line":40,"column":12},"end":{"line":42,"column":13}},"19":{"start":{"line":41,"column":16},"end":{"line":41,"column":58}},"20":{"start":{"line":43,"column":12},"end":{"line":43,"column":18}},"21":{"start":{"line":45,"column":12},"end":{"line":45,"column":31}},"22":{"start":{"line":47,"column":12},"end":{"line":49,"column":13}},"23":{"start":{"line":48,"column":16},"end":{"line":48,"column":65}},"24":{"start":{"line":50,"column":12},"end":{"line":50,"column":46}},"25":{"start":{"line":51,"column":12},"end":{"line":51,"column":18}},"26":{"start":{"line":53,"column":12},"end":{"line":53,"column":59}},"27":{"start":{"line":56,"column":4},"end":{"line":56,"column":22}},"28":{"start":{"line":60,"column":0},"end":{"line":60,"column":27}}},"fnMap":{"0":{"name":"statement","decl":{"start":{"line":3,"column":9},"end":{"line":3,"column":18}},"loc":{"start":{"line":3,"column":35},"end":{"line":29,"column":1}},"line":3},"1":{"name":"amountFor","decl":{"start":{"line":33,"column":9},"end":{"line":33,"column":18}},"loc":{"start":{"line":33,"column":31},"end":{"line":58,"column":1}},"line":33}},"branchMap":{"0":{"loc":{"start":{"line":18,"column":8},"end":{"line":19,"column":59}},"type":"if","locations":[{"start":{"line":18,"column":8},"end":{"line":19,"column":59}},{"start":{},"end":{}}],"line":18},"1":{"loc":{"start":{"line":36,"column":4},"end":{"line":54,"column":5}},"type":"switch","locations":[{"start":{"line":37,"column":8},"end":{"line":43,"column":18}},{"start":{"line":44,"column":8},"end":{"line":51,"column":18}},{"start":{"line":52,"column":8},"end":{"line":53,"column":59}}],"line":36},"2":{"loc":{"start":{"line":40,"column":12},"end":{"line":42,"column":13}},"type":"if","locations":[{"start":{"line":40,"column":12},"end":{"line":42,"column":13}},{"start":{},"end":{}}],"line":40},"3":{"loc":{"start":{"line":47,"column":12},"end":{"line":49,"column":13}},"type":"if","locations":[{"start":{"line":47,"column":12},"end":{"line":49,"column":13}},{"start":{},"end":{}}],"line":47}},"s":{"0":1,"1":1,"2":1,"3":1,"4":1,"5":3,"6":3,"7":3,"8":3,"9":1,"10":3,"11":3,"12":1,"13":1,"14":1,"15":3,"16":3,"17":2,"18":2,"19":2,"20":2,"21":1,"22":1,"23":1,"24":1,"25":1,"26":0,"27":3,"28":1},"f":{"0":1,"1":3},"b":{"0":[1,2],"1":[2,1,0],"2":[2,0],"3":[1,0]},"_coverageSchema":"1a1c01bbd47fc00a2c39e90264f33305004495a9","hash":"602428cefae4244f946a8fabc010ba1622754cc2"}
,"C:\\Users\\JJun\\WebstormProjects\\refactoring\\src\\code\\refactoring1.1\\statement.js": {"path":"C:\\Users\\JJun\\WebstormProjects\\refactoring\\src\\code\\refactoring1.1\\statement.js","statementMap":{"0":{"start":{"line":4,"column":22},"end":{"line":4,"column":23}},"1":{"start":{"line":5,"column":24},"end":{"line":5,"column":25}},"2":{"start":{"line":6,"column":17},"end":{"line":6,"column":53}},"3":{"start":{"line":8,"column":19},"end":{"line":9,"column":79}},"4":{"start":{"line":11,"column":4},"end":{"line":42,"column":5}},"5":{"start":{"line":12,"column":21},"end":{"line":12,"column":39}},"6":{"start":{"line":13,"column":25},"end":{"line":13,"column":26}},"7":{"start":{"line":15,"column":8},"end":{"line":33,"column":9}},"8":{"start":{"line":17,"column":16},"end":{"line":17,"column":35}},"9":{"start":{"line":19,"column":16},"end":{"line":21,"column":17}},"10":{"start":{"line":20,"column":20},"end":{"line":20,"column":62}},"11":{"start":{"line":22,"column":16},"end":{"line":22,"column":22}},"12":{"start":{"line":24,"column":16},"end":{"line":24,"column":35}},"13":{"start":{"line":26,"column":16},"end":{"line":28,"column":17}},"14":{"start":{"line":27,"column":20},"end":{"line":27,"column":69}},"15":{"start":{"line":29,"column":16},"end":{"line":29,"column":50}},"16":{"start":{"line":30,"column":16},"end":{"line":30,"column":22}},"17":{"start":{"line":32,"column":16},"end":{"line":32,"column":63}},"18":{"start":{"line":35,"column":8},"end":{"line":35,"column":57}},"19":{"start":{"line":37,"column":8},"end":{"line":38,"column":59}},"20":{"start":{"line":38,"column":12},"end":{"line":38,"column":59}},"21":{"start":{"line":40,"column":8},"end":{"line":40,"column":83}},"22":{"start":{"line":41,"column":8},"end":{"line":41,"column":34}},"23":{"start":{"line":44,"column":4},"end":{"line":44,"column":49}},"24":{"start":{"line":45,"column":4},"end":{"line":45,"column":44}},"25":{"start":{"line":46,"column":4},"end":{"line":46,"column":18}},"26":{"start":{"line":50,"column":0},"end":{"line":50,"column":27}}},"fnMap":{"0":{"name":"statement","decl":{"start":{"line":3,"column":9},"end":{"line":3,"column":18}},"loc":{"start":{"line":3,"column":35},"end":{"line":48,"column":1}},"line":3}},"branchMap":{"0":{"loc":{"start":{"line":15,"column":8},"end":{"line":33,"column":9}},"type":"switch","locations":[{"start":{"line":16,"column":12},"end":{"line":22,"column":22}},{"start":{"line":23,"column":12},"end":{"line":30,"column":22}},{"start":{"line":31,"column":12},"end":{"line":32,"column":63}}],"line":15},"1":{"loc":{"start":{"line":19,"column":16},"end":{"line":21,"column":17}},"type":"if","locations":[{"start":{"line":19,"column":16},"end":{"line":21,"column":17}},{"start":{},"end":{}}],"line":19},"2":{"loc":{"start":{"line":26,"column":16},"end":{"line":28,"column":17}},"type":"if","locations":[{"start":{"line":26,"column":16},"end":{"line":28,"column":17}},{"start":{},"end":{}}],"line":26},"3":{"loc":{"start":{"line":37,"column":8},"end":{"line":38,"column":59}},"type":"if","locations":[{"start":{"line":37,"column":8},"end":{"line":38,"column":59}},{"start":{},"end":{}}],"line":37}},"s":{"0":1,"1":1,"2":1,"3":1,"4":1,"5":3,"6":3,"7":3,"8":2,"9":2,"10":2,"11":2,"12":1,"13":1,"14":1,"15":1,"16":1,"17":0,"18":3,"19":3,"20":1,"21":3,"22":3,"23":1,"24":1,"25":1,"26":1},"f":{"0":1},"b":{"0":[2,1,0],"1":[2,0],"2":[1,0],"3":[1,2]},"_coverageSchema":"1a1c01bbd47fc00a2c39e90264f33305004495a9","hash":"a9cf091e0427606955f26df54c7df4d660a6dc8f"}
}
