TN:
SF:src\code\refactoring1.1\outOfSwitch.js
FN:3,statement
FN:33,amountFor
FNF:2
FNH:2
FNDA:1,statement
FNDA:3,amountFor
DA:4,1
DA:5,1
DA:6,1
DA:8,1
DA:11,1
DA:12,3
DA:14,3
DA:16,3
DA:18,3
DA:19,1
DA:21,3
DA:22,3
DA:25,1
DA:26,1
DA:27,1
DA:34,3
DA:36,3
DA:38,2
DA:40,2
DA:41,2
DA:43,2
DA:45,1
DA:47,1
DA:48,1
DA:50,1
DA:51,1
DA:53,0
DA:56,3
DA:60,1
LF:29
LH:28
BRDA:18,0,0,1
BRDA:18,0,1,2
BRDA:36,1,0,2
BRDA:36,1,1,1
BRDA:36,1,2,0
BRDA:40,2,0,2
BRDA:40,2,1,0
BRDA:47,3,0,1
BRDA:47,3,1,0
BRF:9
BRH:6
end_of_record
TN:
SF:src\code\refactoring1.1\statement.js
FN:3,statement
FNF:1
FNH:1
FNDA:1,statement
DA:4,1
DA:5,1
DA:6,1
DA:8,1
DA:11,1
DA:12,3
DA:13,3
DA:15,3
DA:17,2
DA:19,2
DA:20,2
DA:22,2
DA:24,1
DA:26,1
DA:27,1
DA:29,1
DA:30,1
DA:32,0
DA:35,3
DA:37,3
DA:38,1
DA:40,3
DA:41,3
DA:44,1
DA:45,1
DA:46,1
DA:50,1
LF:27
LH:26
BRDA:15,0,0,2
BRDA:15,0,1,1
BRDA:15,0,2,0
BRDA:19,1,0,2
BRDA:19,1,1,0
BRDA:26,2,0,1
BRDA:26,2,1,0
BRDA:37,3,0,1
BRDA:37,3,1,2
BRF:9
BRH:6
end_of_record
